{"contracts/AuralisAgentRegistry.sol":{"l":{"66":4,"70":3,"78":1,"79":1,"93":3,"94":2,"96":1,"97":1,"98":1,"99":1,"107":1,"114":2,"118":1,"119":1,"120":1,"124":1,"128":1,"129":1,"139":1,"140":1,"153":2,"154":2,"155":1,"157":1},"path":"/root/.openclaw/workspace/Auralis-Finance/packages/contracts/contracts/AuralisAgentRegistry.sol","s":{"1":4,"2":1,"3":3,"4":2,"5":1,"6":1,"7":2,"8":1,"9":1,"10":1,"11":1,"12":1,"13":2,"14":1,"15":1},"b":{"1":[3,1],"2":[2,1],"3":[1,1],"4":[3,1],"5":[2,1],"6":[1,1],"7":[1,1],"8":[1,0],"9":[1,0],"10":[0,1],"11":[1,1]},"f":{"1":1,"2":4,"3":1,"4":3,"5":2,"6":1,"7":1,"8":2},"fnMap":{"1":{"name":"constructor","line":59,"loc":{"start":{"line":57,"column":4},"end":{"line":59,"column":76}}},"2":{"name":"onlyMinter","line":65,"loc":{"start":{"line":65,"column":4},"end":{"line":71,"column":4}}},"3":{"name":"setMinter","line":77,"loc":{"start":{"line":77,"column":4},"end":{"line":80,"column":4}}},"4":{"name":"registerAgent","line":92,"loc":{"start":{"line":87,"column":4},"end":{"line":108,"column":4}}},"5":{"name":"updateMetadata","line":110,"loc":{"start":{"line":110,"column":4},"end":{"line":121,"column":4}}},"6":{"name":"setActive","line":123,"loc":{"start":{"line":123,"column":4},"end":{"line":130,"column":4}}},"7":{"name":"tokenURI","line":136,"loc":{"start":{"line":136,"column":4},"end":{"line":141,"column":4}}},"8":{"name":"_update","line":148,"loc":{"start":{"line":148,"column":4},"end":{"line":158,"column":4}}}},"statementMap":{"1":{"start":{"line":66,"column":8},"end":{"line":66,"column":2813}},"2":{"start":{"line":79,"column":8},"end":{"line":79,"column":44}},"3":{"start":{"line":93,"column":8},"end":{"line":93,"column":64}},"4":{"start":{"line":94,"column":8},"end":{"line":94,"column":62}},"5":{"start":{"line":97,"column":8},"end":{"line":97,"column":35}},"6":{"start":{"line":107,"column":8},"end":{"line":107,"column":65}},"7":{"start":{"line":114,"column":8},"end":{"line":114,"column":4410}},"8":{"start":{"line":120,"column":8},"end":{"line":120,"column":55}},"9":{"start":{"line":124,"column":8},"end":{"line":124,"column":4767}},"10":{"start":{"line":129,"column":8},"end":{"line":129,"column":44}},"11":{"start":{"line":139,"column":8},"end":{"line":139,"column":29}},"12":{"start":{"line":140,"column":8},"end":{"line":140,"column":34}},"13":{"start":{"line":154,"column":8},"end":{"line":154,"column":5775}},"14":{"start":{"line":155,"column":12},"end":{"line":155,"column":39}},"15":{"start":{"line":157,"column":8},"end":{"line":157,"column":47}}},"branchMap":{"1":{"line":66,"type":"if","locations":[{"start":{"line":66,"column":8},"end":{"line":66,"column":8}},{"start":{"line":66,"column":8},"end":{"line":66,"column":8}}]},"2":{"line":67,"type":"cond-expr","locations":[{"start":{"line":67,"column":12},"end":{"line":67,"column":32}},{"start":{"line":67,"column":37},"end":{"line":67,"column":63}}]},"3":{"line":77,"type":"if","locations":[{"start":{"line":77,"column":63},"end":{"line":77,"column":63}},{"start":{"line":77,"column":63},"end":{"line":77,"column":63}}]},"4":{"line":92,"type":"if","locations":[{"start":{"line":92,"column":15},"end":{"line":92,"column":15}},{"start":{"line":92,"column":15},"end":{"line":92,"column":15}}]},"5":{"line":93,"type":"if","locations":[{"start":{"line":93,"column":8},"end":{"line":93,"column":8}},{"start":{"line":93,"column":8},"end":{"line":93,"column":8}}]},"6":{"line":94,"type":"if","locations":[{"start":{"line":94,"column":8},"end":{"line":94,"column":8}},{"start":{"line":94,"column":8},"end":{"line":94,"column":8}}]},"7":{"line":114,"type":"if","locations":[{"start":{"line":114,"column":8},"end":{"line":114,"column":8}},{"start":{"line":114,"column":8},"end":{"line":114,"column":8}}]},"8":{"line":115,"type":"cond-expr","locations":[{"start":{"line":115,"column":12},"end":{"line":115,"column":41}},{"start":{"line":115,"column":46},"end":{"line":115,"column":66}}]},"9":{"line":124,"type":"if","locations":[{"start":{"line":124,"column":8},"end":{"line":124,"column":8}},{"start":{"line":124,"column":8},"end":{"line":124,"column":8}}]},"10":{"line":125,"type":"cond-expr","locations":[{"start":{"line":125,"column":12},"end":{"line":125,"column":41}},{"start":{"line":125,"column":46},"end":{"line":125,"column":66}}]},"11":{"line":154,"type":"if","locations":[{"start":{"line":154,"column":8},"end":{"line":154,"column":8}},{"start":{"line":154,"column":8},"end":{"line":154,"column":8}}]}}},"contracts/AuralisComplianceAttestor.sol":{"l":{"82":1,"83":1,"87":1,"88":1,"92":1,"96":1,"100":2,"101":1,"102":1,"122":12,"123":11,"124":10,"125":9,"126":8,"127":7,"131":6,"132":5,"137":3,"138":3,"140":3,"152":3,"153":3,"155":3,"168":4,"169":4,"170":3,"176":2,"177":1,"178":1,"190":4,"191":4,"192":4,"193":4,"204":3,"205":3,"206":2,"207":2,"208":2},"path":"/root/.openclaw/workspace/Auralis-Finance/packages/contracts/contracts/AuralisComplianceAttestor.sol","s":{"1":1,"2":1,"3":1,"4":1,"5":2,"6":1,"7":1,"8":12,"9":11,"10":10,"11":9,"12":8,"13":7,"14":6,"15":5,"16":3,"17":3,"18":4,"19":4,"20":3,"21":2,"22":1,"23":4,"24":4,"25":0,"26":4,"27":4,"28":3,"29":3,"30":1,"31":2},"b":{"1":[1,1],"2":[1,0],"3":[1,0],"4":[1,0],"5":[2,0],"6":[1,1],"7":[1,0],"8":[12,1],"9":[11,1],"10":[10,1],"11":[9,1],"12":[8,1],"13":[7,1],"14":[6,1],"15":[5,1],"16":[5,1],"17":[3,2],"18":[3,1],"19":[2,1],"20":[2,0],"21":[0,0],"22":[1,1],"23":[0,4],"24":[1,2]},"f":{"1":2,"2":1,"3":1,"4":1,"5":1,"6":2,"7":12,"8":4,"9":4,"10":3},"fnMap":{"1":{"name":"constructor","line":75,"loc":{"start":{"line":75,"column":4},"end":{"line":75,"column":61}}},"2":{"name":"setAttester","line":81,"loc":{"start":{"line":81,"column":4},"end":{"line":84,"column":4}}},"3":{"name":"setMintFee","line":86,"loc":{"start":{"line":86,"column":4},"end":{"line":89,"column":4}}},"4":{"name":"pause","line":91,"loc":{"start":{"line":91,"column":4},"end":{"line":93,"column":4}}},"5":{"name":"unpause","line":95,"loc":{"start":{"line":95,"column":4},"end":{"line":97,"column":4}}},"6":{"name":"withdraw","line":99,"loc":{"start":{"line":99,"column":4},"end":{"line":103,"column":4}}},"7":{"name":"mintAttestation","line":121,"loc":{"start":{"line":113,"column":4},"end":{"line":164,"column":4}}},"8":{"name":"revoke","line":167,"loc":{"start":{"line":167,"column":4},"end":{"line":179,"column":4}}},"9":{"name":"isEligible","line":186,"loc":{"start":{"line":186,"column":4},"end":{"line":197,"column":4}}},"10":{"name":"getVerdict","line":200,"loc":{"start":{"line":200,"column":4},"end":{"line":209,"column":4}}}},"statementMap":{"1":{"start":{"line":83,"column":8},"end":{"line":83,"column":48}},"2":{"start":{"line":88,"column":8},"end":{"line":88,"column":32}},"3":{"start":{"line":92,"column":8},"end":{"line":92,"column":15}},"4":{"start":{"line":96,"column":8},"end":{"line":96,"column":17}},"5":{"start":{"line":100,"column":8},"end":{"line":100,"column":52}},"6":{"start":{"line":101,"column":8},"end":{"line":101,"column":63}},"7":{"start":{"line":102,"column":8},"end":{"line":102,"column":46}},"8":{"start":{"line":122,"column":8},"end":{"line":122,"column":62}},"9":{"start":{"line":123,"column":8},"end":{"line":123,"column":66}},"10":{"start":{"line":124,"column":8},"end":{"line":124,"column":63}},"11":{"start":{"line":125,"column":8},"end":{"line":125,"column":63}},"12":{"start":{"line":126,"column":8},"end":{"line":126,"column":69}},"13":{"start":{"line":127,"column":8},"end":{"line":127,"column":5044}},"14":{"start":{"line":131,"column":8},"end":{"line":131,"column":60}},"15":{"start":{"line":132,"column":8},"end":{"line":132,"column":5241}},"16":{"start":{"line":138,"column":8},"end":{"line":138,"column":69}},"17":{"start":{"line":155,"column":8},"end":{"line":155,"column":5998}},"18":{"start":{"line":168,"column":8},"end":{"line":168,"column":48}},"19":{"start":{"line":169,"column":8},"end":{"line":169,"column":61}},"20":{"start":{"line":170,"column":8},"end":{"line":170,"column":6440}},"21":{"start":{"line":176,"column":8},"end":{"line":176,"column":54}},"22":{"start":{"line":178,"column":8},"end":{"line":178,"column":47}},"23":{"start":{"line":190,"column":8},"end":{"line":190,"column":62}},"24":{"start":{"line":191,"column":8},"end":{"line":191,"column":33}},"25":{"start":{"line":191,"column":21},"end":{"line":191,"column":33}},"26":{"start":{"line":192,"column":8},"end":{"line":192,"column":47}},"27":{"start":{"line":193,"column":8},"end":{"line":193,"column":7329}},"28":{"start":{"line":204,"column":8},"end":{"line":204,"column":62}},"29":{"start":{"line":205,"column":8},"end":{"line":205,"column":49}},"30":{"start":{"line":205,"column":21},"end":{"line":205,"column":49}},"31":{"start":{"line":206,"column":8},"end":{"line":206,"column":47}}},"branchMap":{"1":{"line":81,"type":"if","locations":[{"start":{"line":81,"column":67},"end":{"line":81,"column":67}},{"start":{"line":81,"column":67},"end":{"line":81,"column":67}}]},"2":{"line":86,"type":"if","locations":[{"start":{"line":86,"column":46},"end":{"line":86,"column":46}},{"start":{"line":86,"column":46},"end":{"line":86,"column":46}}]},"3":{"line":91,"type":"if","locations":[{"start":{"line":91,"column":30},"end":{"line":91,"column":30}},{"start":{"line":91,"column":30},"end":{"line":91,"column":30}}]},"4":{"line":95,"type":"if","locations":[{"start":{"line":95,"column":32},"end":{"line":95,"column":32}},{"start":{"line":95,"column":32},"end":{"line":95,"column":32}}]},"5":{"line":99,"type":"if","locations":[{"start":{"line":99,"column":43},"end":{"line":99,"column":43}},{"start":{"line":99,"column":43},"end":{"line":99,"column":43}}]},"6":{"line":100,"type":"if","locations":[{"start":{"line":100,"column":8},"end":{"line":100,"column":8}},{"start":{"line":100,"column":8},"end":{"line":100,"column":8}}]},"7":{"line":102,"type":"if","locations":[{"start":{"line":102,"column":8},"end":{"line":102,"column":8}},{"start":{"line":102,"column":8},"end":{"line":102,"column":8}}]},"8":{"line":121,"type":"if","locations":[{"start":{"line":121,"column":23},"end":{"line":121,"column":23}},{"start":{"line":121,"column":23},"end":{"line":121,"column":23}}]},"9":{"line":122,"type":"if","locations":[{"start":{"line":122,"column":8},"end":{"line":122,"column":8}},{"start":{"line":122,"column":8},"end":{"line":122,"column":8}}]},"10":{"line":123,"type":"if","locations":[{"start":{"line":123,"column":8},"end":{"line":123,"column":8}},{"start":{"line":123,"column":8},"end":{"line":123,"column":8}}]},"11":{"line":124,"type":"if","locations":[{"start":{"line":124,"column":8},"end":{"line":124,"column":8}},{"start":{"line":124,"column":8},"end":{"line":124,"column":8}}]},"12":{"line":125,"type":"if","locations":[{"start":{"line":125,"column":8},"end":{"line":125,"column":8}},{"start":{"line":125,"column":8},"end":{"line":125,"column":8}}]},"13":{"line":126,"type":"if","locations":[{"start":{"line":126,"column":8},"end":{"line":126,"column":8}},{"start":{"line":126,"column":8},"end":{"line":126,"column":8}}]},"14":{"line":127,"type":"if","locations":[{"start":{"line":127,"column":8},"end":{"line":127,"column":8}},{"start":{"line":127,"column":8},"end":{"line":127,"column":8}}]},"15":{"line":128,"type":"cond-expr","locations":[{"start":{"line":128,"column":12},"end":{"line":128,"column":32}},{"start":{"line":128,"column":37},"end":{"line":128,"column":65}}]},"16":{"line":131,"type":"if","locations":[{"start":{"line":131,"column":8},"end":{"line":131,"column":8}},{"start":{"line":131,"column":8},"end":{"line":131,"column":8}}]},"17":{"line":132,"type":"if","locations":[{"start":{"line":132,"column":8},"end":{"line":132,"column":8}},{"start":{"line":132,"column":8},"end":{"line":132,"column":8}}]},"18":{"line":169,"type":"if","locations":[{"start":{"line":169,"column":8},"end":{"line":169,"column":8}},{"start":{"line":169,"column":8},"end":{"line":169,"column":8}}]},"19":{"line":170,"type":"if","locations":[{"start":{"line":170,"column":8},"end":{"line":170,"column":8}},{"start":{"line":170,"column":8},"end":{"line":170,"column":8}}]},"20":{"line":171,"type":"cond-expr","locations":[{"start":{"line":171,"column":12},"end":{"line":171,"column":34}},{"start":{"line":172,"column":16},"end":{"line":172,"column":39}}]},"21":{"line":171,"type":"cond-expr","locations":[{"start":{"line":171,"column":12},"end":{"line":172,"column":39}},{"start":{"line":173,"column":16},"end":{"line":173,"column":36}}]},"22":{"line":176,"type":"if","locations":[{"start":{"line":176,"column":8},"end":{"line":176,"column":8}},{"start":{"line":176,"column":8},"end":{"line":176,"column":8}}]},"23":{"line":191,"type":"if","locations":[{"start":{"line":191,"column":8},"end":{"line":191,"column":8}},{"start":{"line":191,"column":8},"end":{"line":191,"column":8}}]},"24":{"line":205,"type":"if","locations":[{"start":{"line":205,"column":8},"end":{"line":205,"column":8}},{"start":{"line":205,"column":8},"end":{"line":205,"column":8}}]}}},"contracts/AuralisPolicyGuard.sol":{"l":{"86":7,"90":5,"91":4,"96":2,"107":2,"112":3,"113":2,"114":2,"128":29,"129":29,"130":28,"131":27,"132":25,"133":4,"134":21,"135":4,"136":17,"137":3,"138":14,"139":2,"140":12,"141":2,"142":10,"143":2,"144":8,"145":2,"146":6,"151":4,"152":1,"153":3,"166":16,"167":16,"168":14,"171":2,"179":1,"180":1,"181":1,"182":1,"185":0,"186":0,"193":2,"194":2,"196":2},"path":"/root/.openclaw/workspace/Auralis-Finance/packages/contracts/contracts/AuralisPolicyGuard.sol","s":{"1":7,"2":5,"3":4,"4":2,"5":3,"6":2,"7":29,"8":29,"9":1,"10":28,"11":1,"12":27,"13":2,"14":25,"15":4,"16":21,"17":4,"18":17,"19":3,"20":14,"21":2,"22":12,"23":2,"24":10,"25":2,"26":8,"27":2,"28":6,"29":2,"30":4,"31":1,"32":3,"33":16,"34":16,"35":14,"36":1,"37":1,"38":1,"39":0,"40":2},"b":{"1":[5,2],"2":[4,1],"3":[2,2],"4":[2,1],"5":[1,28],"6":[1,27],"7":[2,25],"8":[4,21],"9":[2,2],"10":[4,17],"11":[2,2],"12":[3,14],"13":[2,12],"14":[2,10],"15":[2,8],"16":[2,6],"17":[2,4],"18":[1,3],"19":[14,2],"20":[1,0]},"f":{"1":2,"2":7,"3":3,"4":29,"5":16,"6":1,"7":2},"fnMap":{"1":{"name":"constructor","line":71,"loc":{"start":{"line":71,"column":4},"end":{"line":71,"column":61}}},"2":{"name":"setPolicy","line":77,"loc":{"start":{"line":77,"column":4},"end":{"line":108,"column":4}}},"3":{"name":"setPaused","line":111,"loc":{"start":{"line":111,"column":4},"end":{"line":115,"column":4}}},"4":{"name":"checkRebalance","line":124,"loc":{"start":{"line":124,"column":4},"end":{"line":154,"column":4}}},"5":{"name":"executeRebalance","line":163,"loc":{"start":{"line":163,"column":4},"end":{"line":172,"column":4}}},"6":{"name":"tryExecuteRebalance","line":176,"loc":{"start":{"line":176,"column":4},"end":{"line":187,"column":4}}},"7":{"name":"_recordRebalance","line":189,"loc":{"start":{"line":189,"column":4},"end":{"line":203,"column":4}}}},"statementMap":{"1":{"start":{"line":86,"column":8},"end":{"line":86,"column":3800}},"2":{"start":{"line":90,"column":8},"end":{"line":90,"column":68}},"3":{"start":{"line":91,"column":8},"end":{"line":91,"column":3997}},"4":{"start":{"line":107,"column":8},"end":{"line":107,"column":38}},"5":{"start":{"line":112,"column":8},"end":{"line":112,"column":65}},"6":{"start":{"line":114,"column":8},"end":{"line":114,"column":48}},"7":{"start":{"line":128,"column":8},"end":{"line":128,"column":42}},"8":{"start":{"line":129,"column":8},"end":{"line":129,"column":56}},"9":{"start":{"line":129,"column":25},"end":{"line":129,"column":56}},"10":{"start":{"line":130,"column":8},"end":{"line":130,"column":55}},"11":{"start":{"line":130,"column":24},"end":{"line":130,"column":55}},"12":{"start":{"line":131,"column":8},"end":{"line":131,"column":81}},"13":{"start":{"line":131,"column":43},"end":{"line":131,"column":81}},"14":{"start":{"line":132,"column":8},"end":{"line":132,"column":5738}},"15":{"start":{"line":133,"column":12},"end":{"line":133,"column":46}},"16":{"start":{"line":134,"column":8},"end":{"line":134,"column":5851}},"17":{"start":{"line":135,"column":12},"end":{"line":135,"column":48}},"18":{"start":{"line":136,"column":8},"end":{"line":136,"column":5965}},"19":{"start":{"line":137,"column":12},"end":{"line":137,"column":52}},"20":{"start":{"line":138,"column":8},"end":{"line":138,"column":6070}},"21":{"start":{"line":139,"column":12},"end":{"line":139,"column":55}},"22":{"start":{"line":140,"column":8},"end":{"line":140,"column":6179}},"23":{"start":{"line":141,"column":12},"end":{"line":141,"column":53}},"24":{"start":{"line":142,"column":8},"end":{"line":142,"column":6280}},"25":{"start":{"line":143,"column":12},"end":{"line":143,"column":51}},"26":{"start":{"line":144,"column":8},"end":{"line":144,"column":6377}},"27":{"start":{"line":145,"column":12},"end":{"line":145,"column":47}},"28":{"start":{"line":146,"column":8},"end":{"line":146,"column":6484}},"29":{"start":{"line":150,"column":10},"end":{"line":150,"column":51}},"30":{"start":{"line":151,"column":8},"end":{"line":151,"column":6689}},"31":{"start":{"line":152,"column":12},"end":{"line":152,"column":55}},"32":{"start":{"line":153,"column":8},"end":{"line":153,"column":27}},"33":{"start":{"line":166,"column":8},"end":{"line":166,"column":71}},"34":{"start":{"line":167,"column":8},"end":{"line":167,"column":7543}},"35":{"start":{"line":168,"column":12},"end":{"line":168,"column":53}},"36":{"start":{"line":180,"column":8},"end":{"line":180,"column":8051}},"37":{"start":{"line":181,"column":12},"end":{"line":181,"column":53}},"38":{"start":{"line":182,"column":12},"end":{"line":182,"column":37}},"39":{"start":{"line":186,"column":8},"end":{"line":186,"column":40}},"40":{"start":{"line":196,"column":8},"end":{"line":196,"column":8514}}},"branchMap":{"1":{"line":86,"type":"if","locations":[{"start":{"line":86,"column":8},"end":{"line":86,"column":8}},{"start":{"line":86,"column":8},"end":{"line":86,"column":8}}]},"2":{"line":90,"type":"if","locations":[{"start":{"line":90,"column":8},"end":{"line":90,"column":8}},{"start":{"line":90,"column":8},"end":{"line":90,"column":8}}]},"3":{"line":91,"type":"if","locations":[{"start":{"line":91,"column":8},"end":{"line":91,"column":8}},{"start":{"line":91,"column":8},"end":{"line":91,"column":8}}]},"4":{"line":112,"type":"if","locations":[{"start":{"line":112,"column":8},"end":{"line":112,"column":8}},{"start":{"line":112,"column":8},"end":{"line":112,"column":8}}]},"5":{"line":129,"type":"if","locations":[{"start":{"line":129,"column":8},"end":{"line":129,"column":8}},{"start":{"line":129,"column":8},"end":{"line":129,"column":8}}]},"6":{"line":130,"type":"if","locations":[{"start":{"line":130,"column":8},"end":{"line":130,"column":8}},{"start":{"line":130,"column":8},"end":{"line":130,"column":8}}]},"7":{"line":131,"type":"if","locations":[{"start":{"line":131,"column":8},"end":{"line":131,"column":8}},{"start":{"line":131,"column":8},"end":{"line":131,"column":8}}]},"8":{"line":132,"type":"if","locations":[{"start":{"line":132,"column":8},"end":{"line":132,"column":8}},{"start":{"line":132,"column":8},"end":{"line":132,"column":8}}]},"9":{"line":132,"type":"cond-expr","locations":[{"start":{"line":132,"column":12},"end":{"line":132,"column":32}},{"start":{"line":132,"column":37},"end":{"line":132,"column":60}}]},"10":{"line":134,"type":"if","locations":[{"start":{"line":134,"column":8},"end":{"line":134,"column":8}},{"start":{"line":134,"column":8},"end":{"line":134,"column":8}}]},"11":{"line":134,"type":"cond-expr","locations":[{"start":{"line":134,"column":12},"end":{"line":134,"column":31}},{"start":{"line":134,"column":36},"end":{"line":134,"column":57}}]},"12":{"line":136,"type":"if","locations":[{"start":{"line":136,"column":8},"end":{"line":136,"column":8}},{"start":{"line":136,"column":8},"end":{"line":136,"column":8}}]},"13":{"line":138,"type":"if","locations":[{"start":{"line":138,"column":8},"end":{"line":138,"column":8}},{"start":{"line":138,"column":8},"end":{"line":138,"column":8}}]},"14":{"line":140,"type":"if","locations":[{"start":{"line":140,"column":8},"end":{"line":140,"column":8}},{"start":{"line":140,"column":8},"end":{"line":140,"column":8}}]},"15":{"line":142,"type":"if","locations":[{"start":{"line":142,"column":8},"end":{"line":142,"column":8}},{"start":{"line":142,"column":8},"end":{"line":142,"column":8}}]},"16":{"line":144,"type":"if","locations":[{"start":{"line":144,"column":8},"end":{"line":144,"column":8}},{"start":{"line":144,"column":8},"end":{"line":144,"column":8}}]},"17":{"line":146,"type":"if","locations":[{"start":{"line":146,"column":8},"end":{"line":146,"column":8}},{"start":{"line":146,"column":8},"end":{"line":146,"column":8}}]},"18":{"line":151,"type":"if","locations":[{"start":{"line":151,"column":8},"end":{"line":151,"column":8}},{"start":{"line":151,"column":8},"end":{"line":151,"column":8}}]},"19":{"line":167,"type":"if","locations":[{"start":{"line":167,"column":8},"end":{"line":167,"column":8}},{"start":{"line":167,"column":8},"end":{"line":167,"column":8}}]},"20":{"line":180,"type":"if","locations":[{"start":{"line":180,"column":8},"end":{"line":180,"column":8}},{"start":{"line":180,"column":8},"end":{"line":180,"column":8}}]}}},"contracts/AuralisRatingRegistry.sol":{"l":{"100":1,"101":1,"105":1,"109":1,"129":8,"130":7,"131":6,"132":5,"133":4,"135":3,"137":3,"149":3,"150":3,"151":3,"152":1,"154":3,"156":3,"181":4,"182":3,"183":2,"185":1,"186":1,"187":1,"196":1,"212":1,"219":1,"227":2},"path":"/root/.openclaw/workspace/Auralis-Finance/packages/contracts/contracts/AuralisRatingRegistry.sol","s":{"1":1,"2":1,"3":1,"4":8,"5":7,"6":6,"7":5,"8":4,"9":3,"10":3,"11":3,"12":3,"13":4,"14":3,"15":2,"16":1,"17":1,"18":1,"19":2},"b":{"1":[1,1],"2":[1,0],"3":[1,0],"4":[8,1],"5":[7,1],"6":[6,1],"7":[5,1],"8":[4,1],"9":[3,1],"10":[1,2],"11":[4,1],"12":[3,1],"13":[2,1],"14":[1,1]},"f":{"1":2,"2":1,"3":1,"4":1,"5":8,"6":4,"7":1,"8":1,"9":2},"fnMap":{"1":{"name":"constructor","line":93,"loc":{"start":{"line":93,"column":4},"end":{"line":93,"column":61}}},"2":{"name":"setPublisher","line":99,"loc":{"start":{"line":99,"column":4},"end":{"line":102,"column":4}}},"3":{"name":"pause","line":104,"loc":{"start":{"line":104,"column":4},"end":{"line":106,"column":4}}},"4":{"name":"unpause","line":108,"loc":{"start":{"line":108,"column":4},"end":{"line":110,"column":4}}},"5":{"name":"anchorRating","line":128,"loc":{"start":{"line":121,"column":4},"end":{"line":165,"column":4}}},"6":{"name":"logDecision","line":180,"loc":{"start":{"line":175,"column":4},"end":{"line":203,"column":4}}},"7":{"name":"ratingHistoryLength","line":209,"loc":{"start":{"line":209,"column":4},"end":{"line":213,"column":4}}},"8":{"name":"ratingAt","line":215,"loc":{"start":{"line":215,"column":4},"end":{"line":220,"column":4}}},"9":{"name":"verifyRating","line":223,"loc":{"start":{"line":223,"column":4},"end":{"line":228,"column":4}}}},"statementMap":{"1":{"start":{"line":101,"column":8},"end":{"line":101,"column":50}},"2":{"start":{"line":105,"column":8},"end":{"line":105,"column":15}},"3":{"start":{"line":109,"column":8},"end":{"line":109,"column":17}},"4":{"start":{"line":129,"column":8},"end":{"line":129,"column":61}},"5":{"start":{"line":130,"column":8},"end":{"line":130,"column":63}},"6":{"start":{"line":131,"column":8},"end":{"line":131,"column":72}},"7":{"start":{"line":132,"column":8},"end":{"line":132,"column":54}},"8":{"start":{"line":133,"column":8},"end":{"line":133,"column":55}},"9":{"start":{"line":137,"column":8},"end":{"line":137,"column":5419}},"10":{"start":{"line":151,"column":8},"end":{"line":151,"column":5873}},"11":{"start":{"line":154,"column":8},"end":{"line":154,"column":38}},"12":{"start":{"line":156,"column":8},"end":{"line":156,"column":5997}},"13":{"start":{"line":181,"column":8},"end":{"line":181,"column":65}},"14":{"start":{"line":182,"column":8},"end":{"line":182,"column":78}},"15":{"start":{"line":183,"column":8},"end":{"line":183,"column":54}},"16":{"start":{"line":196,"column":8},"end":{"line":196,"column":7494}},"17":{"start":{"line":212,"column":8},"end":{"line":212,"column":45}},"18":{"start":{"line":219,"column":8},"end":{"line":219,"column":45}},"19":{"start":{"line":227,"column":8},"end":{"line":227,"column":61}}},"branchMap":{"1":{"line":99,"type":"if","locations":[{"start":{"line":99,"column":69},"end":{"line":99,"column":69}},{"start":{"line":99,"column":69},"end":{"line":99,"column":69}}]},"2":{"line":104,"type":"if","locations":[{"start":{"line":104,"column":30},"end":{"line":104,"column":30}},{"start":{"line":104,"column":30},"end":{"line":104,"column":30}}]},"3":{"line":108,"type":"if","locations":[{"start":{"line":108,"column":32},"end":{"line":108,"column":32}},{"start":{"line":108,"column":32},"end":{"line":108,"column":32}}]},"4":{"line":128,"type":"if","locations":[{"start":{"line":128,"column":15},"end":{"line":128,"column":15}},{"start":{"line":128,"column":15},"end":{"line":128,"column":15}}]},"5":{"line":129,"type":"if","locations":[{"start":{"line":129,"column":8},"end":{"line":129,"column":8}},{"start":{"line":129,"column":8},"end":{"line":129,"column":8}}]},"6":{"line":130,"type":"if","locations":[{"start":{"line":130,"column":8},"end":{"line":130,"column":8}},{"start":{"line":130,"column":8},"end":{"line":130,"column":8}}]},"7":{"line":131,"type":"if","locations":[{"start":{"line":131,"column":8},"end":{"line":131,"column":8}},{"start":{"line":131,"column":8},"end":{"line":131,"column":8}}]},"8":{"line":132,"type":"if","locations":[{"start":{"line":132,"column":8},"end":{"line":132,"column":8}},{"start":{"line":132,"column":8},"end":{"line":132,"column":8}}]},"9":{"line":133,"type":"if","locations":[{"start":{"line":133,"column":8},"end":{"line":133,"column":8}},{"start":{"line":133,"column":8},"end":{"line":133,"column":8}}]},"10":{"line":151,"type":"if","locations":[{"start":{"line":151,"column":8},"end":{"line":151,"column":8}},{"start":{"line":151,"column":8},"end":{"line":151,"column":8}}]},"11":{"line":180,"type":"if","locations":[{"start":{"line":180,"column":15},"end":{"line":180,"column":15}},{"start":{"line":180,"column":15},"end":{"line":180,"column":15}}]},"12":{"line":181,"type":"if","locations":[{"start":{"line":181,"column":8},"end":{"line":181,"column":8}},{"start":{"line":181,"column":8},"end":{"line":181,"column":8}}]},"13":{"line":182,"type":"if","locations":[{"start":{"line":182,"column":8},"end":{"line":182,"column":8}},{"start":{"line":182,"column":8},"end":{"line":182,"column":8}}]},"14":{"line":183,"type":"if","locations":[{"start":{"line":183,"column":8},"end":{"line":183,"column":8}},{"start":{"line":183,"column":8},"end":{"line":183,"column":8}}]}}}}